<?xml version="1.0" encoding="UTF-8"?>
<!-- Generated by org.testng.reporters.JUnitReportReporter -->
<testsuite skipped="0" hostname="C40-FF-86" name="pageActions.PurchaseModule" tests="2" failures="0" timestamp="06 Jun 2018 09:22:02 GMT" time="59.185" errors="0">
  <testcase name="PurchaseRequisitionPage" time="32.019" classname="pageActions.PurchaseModule"/>
  <testcase name="LoginVerifyPage" time="27.166" classname="pageActions.PurchaseModule"/>
</testsuite> <!-- pageActions.PurchaseModule -->
