<?xml version="1.0" encoding="UTF-8"?>
<!-- Generated by org.testng.reporters.JUnitReportReporter -->
<testsuite skipped="0" hostname="C40-FF-86" name="asahi.testCases.AsahiTestCases" tests="1" failures="0" timestamp="24 Aug 2018 08:06:30 GMT" time="52.523" errors="0">
  <testcase name="CreateOrderFunc" time="52.523" classname="asahi.testCases.AsahiTestCases"/>
</testsuite> <!-- asahi.testCases.AsahiTestCases -->
