<?xml version="1.0" encoding="UTF-8"?>
<!-- Generated by org.testng.reporters.JUnitReportReporter -->
<testsuite skipped="0" hostname="C40-FF-86" name="pageActions.LoginTestCase" tests="1" failures="0" timestamp="04 Jun 2018 07:29:27 GMT" time="9.365" errors="0">
  <testcase name="LoginVerifyPage" time="9.365" classname="pageActions.LoginTestCase"/>
</testsuite> <!-- pageActions.LoginTestCase -->
