<?xml version="1.0" encoding="UTF-8"?>
<!-- Generated by org.testng.reporters.JUnitReportReporter -->
<testsuite skipped="0" hostname="C40-FF-86" name="testRunner.Runner" tests="1" failures="0" timestamp="01 Jun 2018 12:38:43 GMT" time="11.413" errors="0">
  <testcase name="LoginVerifyPage" time="11.413" classname="testRunner.Runner"/>
</testsuite> <!-- testRunner.Runner -->
