<?xml version="1.0" encoding="UTF-8"?>
<!-- Generated by org.testng.reporters.JUnitReportReporter -->
<testsuite skipped="0" hostname="C40-FF-86" name="testCases.PurchaseModule" tests="1" failures="0" timestamp="20 Jun 2018 10:53:28 GMT" time="37.100" errors="0">
  <testcase name="PurchaseRequisitionPage" time="37.100" classname="testCases.PurchaseModule"/>
</testsuite> <!-- testCases.PurchaseModule -->
