<?xml version="1.0" encoding="UTF-8"?>
<!-- Generated by org.testng.reporters.JUnitReportReporter -->
<testsuite skipped="0" hostname="C40-FF-86" name="asahi.testCases.loginTestCase" tests="1" failures="0" timestamp="10 Aug 2018 12:52:25 GMT" time="16.549" errors="0">
  <testcase name="CreateOrderFunc" time="16.549" classname="asahi.testCases.loginTestCase"/>
</testsuite> <!-- asahi.testCases.loginTestCase -->
